<?xml version="1.0" encoding="UTF-8"?>
<testsuite xmlns:xsi="http://www.w3.org/2001/XMLSchema-instance" xsi:noNamespaceSchemaLocation="https://maven.apache.org/surefire/maven-surefire-plugin/xsd/surefire-test-report-3.0.xsd" version="3.0" name="examples.users.CreateAccountRunner" time="3.43" tests="1" errors="0" skipped="0" failures="0">
  <properties>
[...]
</properties>
  <testcase name="[1:6] Crear una cuenta de usuario exitosamente" classname="examples/users/createAccount" time="2.724">
    <system-out><![CDATA[14:42:34.487 [main] DEBUG com.intuit.karate.Suite - [config] classpath:karate-config.js
14:42:35.677 [main] DEBUG com.intuit.karate - request:
1 > POST https://automationexercise.com/api/createAccount
1 > Content-Type: application/x-www-form-urlencoded
1 > Content-Length: 323
1 > Host: automationexercise.com
1 > Connection: Keep-Alive
1 > User-Agent: Apache-HttpClient/4.5.14 (Java/21.0.5)
1 > Accept-Encoding: gzip,deflate
name=TestUser&email=testuser_karate_607eacc0-8d3f-4014-9fcf-d5271261ef4a%40test.com&password=password123&title=Mr&birth_date=15&birth_month=6&birth_year=1995&firstname=Test&lastname=User&company=TestCompany&address1=Calle+123&address2=Apt+456&country=Canada&zipcode=12345&state=Ontario&city=Toronto&mobile_number=1234567890

14:42:36.749 [main] DEBUG com.intuit.karate - response time in milliseconds: 1072
1 < 200
1 < Date: Tue, 24 Mar 2026 17:42:36 GMT
1 < Content-Type: text/html; charset=utf-8
1 < Transfer-Encoding: chunked
1 < Connection: keep-alive
1 < vary: Accept,Cookie,Accept-Encoding
1 < referrer-policy: same-origin
1 < x-frame-options: DENY
1 < x-content-type-options: nosniff
1 < allow: POST, OPTIONS
1 < x-powered-by: Phusion Passenger(R) 6.1.2
1 < status: 200 OK
1 < Report-To: {"group":"cf-nel","max_age":604800,"endpoints":[{"url":"https://a.nel.cloudflare.com/report/v4?s=308mCMRKMguwTDd2d3noXErlDhrNrnmUuwESbYlYuY2BIk1LMo2248Mb4L%2F860cfXqcPg2CnfP6IFc0gGimWApFhRmCz5K31JlMWslSDJ3j3J%2FQ0"}]}
1 < Server: cloudflare
1 < cf-cache-status: DYNAMIC
1 < Nel: {"report_to":"cf-nel","success_fraction":0.0,"max_age":604800}
1 < Server-Timing: cfCacheStatus;desc="DYNAMIC"
1 < Server-Timing: cfEdge;dur=15,cfOrigin;dur=749
1 < CF-RAY: 9e17792c2f3b9d59-GRU
1 < alt-svc: h3=":443"; ma=86400
{"responseCode": 201, "message": "User created!"}

---------------------------------------------------------
feature: classpath:examples/users/createAccount.feature
scenarios:  1 | passed:  1 | failed:  0 | time: 1,4368
---------------------------------------------------------

Karate version: 1.5.0
======================================================
elapsed:   2,72 | threads:    1 | thread time: 1,44 
features:     1 | skipped:    0 | efficiency: 0,53
scenarios:    1 | passed:     1 | failed: 0
======================================================

HTML report: (paste into browser to view) | Karate version: 1.5.0
file:///C:/Users/crist/OneDrive/Escritorio/Sofka/Taller%207/karate-api-prueba/target/karate-reports/karate-summary.html
===================================================================

]]></system-out>
  </testcase>
</testsuite>